<?xml version="1.0" encoding="UTF-8"?>
<!-- Generated by org.testng.reporters.JUnitReportReporter -->
<testsuite hostname="lapn222312" failures="0" tests="1" name="StoreLocator.Stores" time="1.962" errors="0" timestamp="2024-01-31T16:03:02 IST" skipped="0">
  <testcase classname="StoreLocator.Stores" name="storelocator" time="1.962"/>
</testsuite> <!-- StoreLocator.Stores -->
