<?xml version="1.0" encoding="UTF-8"?>
<!-- Generated by org.testng.reporters.JUnitReportReporter -->
<testsuite hostname="pc0741" failures="0" tests="4" name="Configuration.Contracts" time="31.659" errors="0" timestamp="2023-06-09T17:11:59 IST" skipped="0">
  <testcase classname="Configuration.Contracts" name="AddContract" time="4.277"/>
  <testcase classname="Configuration.Contracts" name="SearchContract" time="7.574"/>
  <testcase classname="Configuration.Contracts" name="EditContract" time="11.448"/>
  <testcase classname="Configuration.Contracts" name="DeleteContract" time="8.360"/>
</testsuite> <!-- Configuration.Contracts -->
