<?xml version="1.0" encoding="UTF-8"?>
<!-- Generated by org.testng.reporters.JUnitReportReporter -->
<testsuite hostname="lapn222312" failures="0" tests="1" name="Klevu_Search.Search" time="2.151" errors="0" timestamp="2024-01-03T11:02:09 IST" skipped="0">
  <testcase classname="Klevu_Search.Search" name="f" time="2.151"/>
</testsuite> <!-- Klevu_Search.Search -->
