<?xml version="1.0" encoding="UTF-8"?>
<!-- Generated by org.testng.reporters.JUnitReportReporter -->
<testsuite hostname="lapn222312" failures="0" tests="5" name="CheckOutOperation.ProductDetailPage" time="30.767" errors="0" timestamp="2024-01-31T19:03:18 IST" skipped="0">
  <testcase classname="CheckOutOperation.ProductDetailPage" name="PDP" time="6.118"/>
  <testcase classname="CheckOutOperation.ProductDetailPage" name="testAddToBagButtonVisibility" time="14.381"/>
  <testcase classname="CheckOutOperation.ProductDetailPage" name="BookAppoinment" time="3.440"/>
  <testcase classname="CheckOutOperation.ProductDetailPage" name="VisitABoutique" time="3.388"/>
  <testcase classname="CheckOutOperation.ProductDetailPage" name="CustomerServices" time="3.440"/>
</testsuite> <!-- CheckOutOperation.ProductDetailPage -->
