<?xml version="1.0" encoding="UTF-8"?>
<!-- Generated by org.testng.reporters.JUnitReportReporter -->
<testsuite hostname="lapn222312" failures="0" tests="3" name="UserPreference.CrudeOperation" time="11.632" errors="0" timestamp="2024-06-13T14:18:04 IST" skipped="0">
  <testcase classname="UserPreference.CrudeOperation" name="AddProduct1" time="10.164"/>
  <testcase classname="UserPreference.CrudeOperation" name="PreviewProduct" time="0.481"/>
  <testcase classname="UserPreference.CrudeOperation" name="DeleteProduct" time="0.987"/>
</testsuite> <!-- UserPreference.CrudeOperation -->
