<?xml version="1.0" encoding="UTF-8"?>
<!-- Generated by org.testng.reporters.JUnitReportReporter -->
<testsuite hostname="pc0741" failures="0" tests="1" name="Configuration.Company" time="1.522" errors="0" timestamp="2023-05-26T14:48:41 IST" skipped="0">
  <testcase classname="Configuration.Company" name="f" time="1.522"/>
  <system-out/>
</testsuite> <!-- Configuration.Company -->
