<?xml version="1.0" encoding="UTF-8"?>
<!-- Generated by org.testng.reporters.JUnitReportReporter -->
<testsuite hostname="lapn222312" failures="0" tests="1" name="LoginSuite.LoginPoup" time="20.984" errors="0" timestamp="2024-01-16T12:11:25 IST" skipped="0">
  <testcase classname="LoginSuite.LoginPoup" name="LogInPopup" time="20.984"/>
</testsuite> <!-- LoginSuite.LoginPoup -->
