<?xml version="1.0" encoding="UTF-8"?>
<!-- Generated by org.testng.reporters.JUnitReportReporter -->
<testsuite hostname="pc0741" failures="0" tests="1" name="Groups.GroupsUtils" time="0.012" errors="0" timestamp="2023-05-18T15:34:18 IST" skipped="0">
  <testcase classname="Groups.GroupsUtils" name="AddGroup" time="0.012"/>
  <system-out/>
</testsuite> <!-- Groups.GroupsUtils -->
