<?xml version="1.0" encoding="UTF-8"?>
<!-- Generated by org.testng.reporters.JUnitReportReporter -->
<testsuite hostname="lapn222312" failures="0" tests="1" name="PDPOperation.MenuRedirection" time="9.607" errors="0" timestamp="2024-01-17T10:53:44 IST" skipped="0">
  <testcase classname="PDPOperation.MenuRedirection" name="menuredirection" time="9.607"/>
</testsuite> <!-- PDPOperation.MenuRedirection -->
