<?xml version="1.0" encoding="UTF-8"?>
<!-- Generated by org.testng.reporters.JUnitReportReporter -->
<testsuite hostname="lapn222312" failures="0" tests="1" name="UserPreference.LoginPoup" time="20.846" errors="0" timestamp="2024-01-16T14:58:58 IST" skipped="0">
  <testcase classname="UserPreference.LoginPoup" name="LogInPopup" time="20.846"/>
</testsuite> <!-- UserPreference.LoginPoup -->
