<?xml version="1.0" encoding="UTF-8"?>
<!-- Generated by org.testng.reporters.JUnitReportReporter -->
<testsuite hostname="lapn222312" failures="0" tests="1" name="UserPreference.Login" time="5.905" errors="0" timestamp="2024-06-13T11:14:29 IST" skipped="0">
  <testcase classname="UserPreference.Login" name="Onlylogin" time="5.905"/>
</testsuite> <!-- UserPreference.Login -->
