<?xml version="1.0" encoding="UTF-8"?>
<!-- Generated by org.testng.reporters.JUnitReportReporter -->
<testsuite hostname="lapn222312" failures="0" tests="1" name="PDPOperation.ProductOperation" time="13.651" errors="0" timestamp="2024-01-17T13:07:57 IST" skipped="0">
  <testcase classname="PDPOperation.ProductOperation" name="operation" time="13.651"/>
</testsuite> <!-- PDPOperation.ProductOperation -->
