<?xml version="1.0" encoding="UTF-8"?>
<!-- Generated by org.testng.reporters.JUnitReportReporter -->
<testsuite hostname="lapn222312" failures="0" tests="1" name="CheckOutOperation.PriceOnApplication" time="23.764" errors="0" timestamp="2024-01-29T16:25:03 IST" skipped="0">
  <testcase classname="CheckOutOperation.PriceOnApplication" name="POA" time="23.764"/>
</testsuite> <!-- CheckOutOperation.PriceOnApplication -->
