<?xml version="1.0" encoding="UTF-8"?>
<!-- Generated by org.testng.reporters.JUnitReportReporter -->
<testsuite hostname="pc0741" failures="0" tests="1" name="LogOut.SignOut" time="13.765" errors="0" timestamp="2023-05-18T13:45:03 IST" skipped="0">
  <testcase classname="LogOut.SignOut" name="Logout" time="13.765"/>
  <system-out/>
</testsuite> <!-- LogOut.SignOut -->
