<?xml version="1.0" encoding="UTF-8"?>
<!-- Generated by org.testng.reporters.JUnitReportReporter -->
<testsuite hostname="lapn222312" failures="0" tests="1" name="CheckOutOperation.AddToWishlist" time="8.124" errors="0" timestamp="2024-01-30T17:23:29 IST" skipped="0">
  <testcase classname="CheckOutOperation.AddToWishlist" name="WishList" time="8.124"/>
</testsuite> <!-- CheckOutOperation.AddToWishlist -->
