<?xml version="1.0" encoding="UTF-8"?>
<!-- Generated by org.testng.reporters.JUnitReportReporter -->
<testsuite hostname="pc0741" failures="0" tests="1" name="UserPreference.ChnagePassword" time="9.011" errors="0" timestamp="2023-05-29T13:00:29 IST" skipped="0">
  <testcase classname="UserPreference.ChnagePassword" name="updatePassword" time="9.011"/>
  <system-out/>
</testsuite> <!-- UserPreference.ChnagePassword -->
