<?xml version="1.0" encoding="UTF-8"?>
<!-- Generated by org.testng.reporters.JUnitReportReporter -->
<testsuite hostname="pc0741" failures="0" tests="4" name="Configuration.Users" time="26.370" errors="0" timestamp="2023-06-23T17:50:49 IST" skipped="0">
  <testcase classname="Configuration.Users" name="AddUser" time="10.115"/>
  <testcase classname="Configuration.Users" name="SearchUser" time="2.472"/>
  <testcase classname="Configuration.Users" name="EditUSer" time="8.424"/>
  <testcase classname="Configuration.Users" name="DeleteUser" time="5.359"/>
</testsuite> <!-- Configuration.Users -->
